[0.341s] Invoking command in '/home/reoto/ros2_ws/src/mypkg': CONDA_PROMPT_MODIFIER=(base) PYTHONPATH=/home/reoto/ros2_ws/src/mypkg/build/mypkg/prefix_override:/usr/lib/python3/dist-packages/colcon_core/task/python/colcon_distutils_commands:/home/reoto/ros2_ws/src/mypkg/install/mypkg/lib/python3.10/site-packages:${PYTHONPATH} /usr/bin/python3 -W ignore:setup.py install is deprecated -W ignore:easy_install command is deprecated setup.py egg_info --egg-base build/mypkg build --build-base /home/reoto/ros2_ws/src/mypkg/build/mypkg/build install --record /home/reoto/ros2_ws/src/mypkg/build/mypkg/install.log --single-version-externally-managed install_data
[0.454s] running egg_info
[0.455s] creating build/mypkg/mypkg.egg-info
[0.456s] writing build/mypkg/mypkg.egg-info/PKG-INFO
[0.458s] writing dependency_links to build/mypkg/mypkg.egg-info/dependency_links.txt
[0.458s] writing entry points to build/mypkg/mypkg.egg-info/entry_points.txt
[0.459s] writing requirements to build/mypkg/mypkg.egg-info/requires.txt
[0.459s] writing top-level names to build/mypkg/mypkg.egg-info/top_level.txt
[0.459s] writing manifest file 'build/mypkg/mypkg.egg-info/SOURCES.txt'
[0.461s] reading manifest file 'build/mypkg/mypkg.egg-info/SOURCES.txt'
[0.461s] writing manifest file 'build/mypkg/mypkg.egg-info/SOURCES.txt'
[0.462s] running build
[0.462s] running build_py
[0.462s] creating /home/reoto/ros2_ws/src/mypkg/build/mypkg/build
[0.462s] creating /home/reoto/ros2_ws/src/mypkg/build/mypkg/build/lib
[0.462s] creating /home/reoto/ros2_ws/src/mypkg/build/mypkg/build/lib/mypkg
[0.462s] copying mypkg/__init__.py -> /home/reoto/ros2_ws/src/mypkg/build/mypkg/build/lib/mypkg
[0.462s] copying mypkg/listener.py -> /home/reoto/ros2_ws/src/mypkg/build/mypkg/build/lib/mypkg
[0.462s] copying mypkg/talker.py -> /home/reoto/ros2_ws/src/mypkg/build/mypkg/build/lib/mypkg
[0.462s] running install
[0.463s] running install_lib
[0.464s] creating /home/reoto/ros2_ws/src/mypkg/install/mypkg/lib/python3.10/site-packages/mypkg
[0.464s] copying /home/reoto/ros2_ws/src/mypkg/build/mypkg/build/lib/mypkg/__init__.py -> /home/reoto/ros2_ws/src/mypkg/install/mypkg/lib/python3.10/site-packages/mypkg
[0.464s] copying /home/reoto/ros2_ws/src/mypkg/build/mypkg/build/lib/mypkg/listener.py -> /home/reoto/ros2_ws/src/mypkg/install/mypkg/lib/python3.10/site-packages/mypkg
[0.464s] copying /home/reoto/ros2_ws/src/mypkg/build/mypkg/build/lib/mypkg/talker.py -> /home/reoto/ros2_ws/src/mypkg/install/mypkg/lib/python3.10/site-packages/mypkg
[0.476s] byte-compiling /home/reoto/ros2_ws/src/mypkg/install/mypkg/lib/python3.10/site-packages/mypkg/__init__.py to __init__.cpython-310.pyc
[0.476s] byte-compiling /home/reoto/ros2_ws/src/mypkg/install/mypkg/lib/python3.10/site-packages/mypkg/listener.py to listener.cpython-310.pyc
[0.476s] byte-compiling /home/reoto/ros2_ws/src/mypkg/install/mypkg/lib/python3.10/site-packages/mypkg/talker.py to talker.cpython-310.pyc
[0.476s] running install_data
[0.476s] creating /home/reoto/ros2_ws/src/mypkg/install/mypkg/share/ament_index
[0.476s] creating /home/reoto/ros2_ws/src/mypkg/install/mypkg/share/ament_index/resource_index
[0.476s] creating /home/reoto/ros2_ws/src/mypkg/install/mypkg/share/ament_index/resource_index/packages
[0.476s] copying resource/mypkg -> /home/reoto/ros2_ws/src/mypkg/install/mypkg/share/ament_index/resource_index/packages
[0.476s] copying package.xml -> /home/reoto/ros2_ws/src/mypkg/install/mypkg/share/mypkg
[0.476s] running install_egg_info
[0.476s] Copying build/mypkg/mypkg.egg-info to /home/reoto/ros2_ws/src/mypkg/install/mypkg/lib/python3.10/site-packages/mypkg-0.0.0-py3.10.egg-info
[0.476s] running install_scripts
[0.481s] Installing listener script to /home/reoto/ros2_ws/src/mypkg/install/mypkg/lib/mypkg
[0.482s] Installing talker script to /home/reoto/ros2_ws/src/mypkg/install/mypkg/lib/mypkg
[0.482s] writing list of installed files to '/home/reoto/ros2_ws/src/mypkg/build/mypkg/install.log'
[0.496s] Invoked command in '/home/reoto/ros2_ws/src/mypkg' returned '0': CONDA_PROMPT_MODIFIER=(base) PYTHONPATH=/home/reoto/ros2_ws/src/mypkg/build/mypkg/prefix_override:/usr/lib/python3/dist-packages/colcon_core/task/python/colcon_distutils_commands:/home/reoto/ros2_ws/src/mypkg/install/mypkg/lib/python3.10/site-packages:${PYTHONPATH} /usr/bin/python3 -W ignore:setup.py install is deprecated -W ignore:easy_install command is deprecated setup.py egg_info --egg-base build/mypkg build --build-base /home/reoto/ros2_ws/src/mypkg/build/mypkg/build install --record /home/reoto/ros2_ws/src/mypkg/build/mypkg/install.log --single-version-externally-managed install_data
